emcc -c -std=c99 -pedantic -Wall -Wno-deprecated-declarations -Os -I/usr/X11R6/include -I/usr/include/freetype2 -D_DEFAULT_SOURCE -D_BSD_SOURCE -D_POSIX_C_SOURCE=200809L -DVERSION=\"6.4\"  drw.c
emcc -c -std=c99 -pedantic -Wall -Wno-deprecated-declarations -Os -I/usr/X11R6/include -I/usr/include/freetype2 -D_DEFAULT_SOURCE -D_BSD_SOURCE -D_POSIX_C_SOURCE=200809L -DVERSION=\"6.4\"  dwm.c
emcc -c -std=c99 -pedantic -Wall -Wno-deprecated-declarations -Os -I/usr/X11R6/include -I/usr/include/freetype2 -D_DEFAULT_SOURCE -D_BSD_SOURCE -D_POSIX_C_SOURCE=200809L -DVERSION=\"6.4\"  util.c
dwm build options:
CFLAGS   = -std=c99 -pedantic -Wall -Wno-deprecated-declarations -Os -I/usr/X11R6/include -I/usr/include/freetype2 -D_DEFAULT_SOURCE -D_BSD_SOURCE -D_POSIX_C_SOURCE=200809L -DVERSION="6.4" 
LDFLAGS  = 
CC       = emcc
In file included from drw.c:8:
./drw.h:10:2: error: unknown type name 'XftFont'
   10 |         XftFont *xfont;
      |         ^
./drw.h:11:2: error: unknown type name 'FcPattern'
   11 |         FcPattern *pattern;
      |         ^
./drw.h:16:9: error: unknown type name 'XftColor'; did you mean 'XColor'?
   16 | typedef XftColor Clr;
      |         ^~~~~~~~
      |         XColor
/home/alexis-bouchez/linux.wasm/emsdk/upstream/emscripten/cache/sysroot/include/X11/Xlib.h:423:3: note: 'XColor' declared here
  423 | } XColor;
      |   ^
drw.c:106:46: error: unknown type name 'FcPattern'
  106 | xfont_create(Drw *drw, const char *fontname, FcPattern *fontpattern)
      |                                              ^
drw.c:109:2: error: use of undeclared identifier 'XftFont'; did you mean 'XSetFont'?
  109 |         XftFont *xfont = NULL;
      |         ^~~~~~~
      |         XSetFont
/home/alexis-bouchez/linux.wasm/emsdk/upstream/emscripten/cache/sysroot/include/X11/Xlib.h:3222:12: note: 'XSetFont' declared here
 3222 | extern int XSetFont(
      |            ^
drw.c:109:11: error: use of undeclared identifier 'xfont'; did you mean 'font'?
  109 |         XftFont *xfont = NULL;
      |                  ^~~~~
      |                  font
drw.c:108:7: note: 'font' declared here
  108 |         Fnt *font;
      |              ^
drw.c:109:10: error: invalid operands to binary expression ('int (Display *, GC, Font)' (aka 'int (struct _XDisplay *, struct _XGC *, unsigned long)') and 'Fnt *' (aka 'struct Fnt *'))
  109 |         XftFont *xfont = NULL;
      |         ~~~~~~~ ^~~~~~
drw.c:110:2: error: use of undeclared identifier 'FcPattern'
  110 |         FcPattern *pattern = NULL;
      |         ^~~~~~~~~
drw.c:110:13: error: use of undeclared identifier 'pattern'
  110 |         FcPattern *pattern = NULL;
      |                    ^~~~~~~
drw.c:118:9: error: use of undeclared identifier 'xfont'; did you mean 'font'?
  118 |                 if (!(xfont = NULL /* Xft disabled */)) {
      |                       ^~~~~
      |                       font
drw.c:108:7: note: 'font' declared here
  108 |         Fnt *font;
      |              ^
drw.c:122:9: error: use of undeclared identifier 'pattern'
  122 |                 if (!(pattern = NULL /* FontConfig disabled */ fontname))) {
      |                       ^~~~~~~
drw.c:122:60: error: extraneous ')' after condition, expected a statement
  122 |                 if (!(pattern = NULL /* FontConfig disabled */ fontname))) {
      |                                                                          ^
drw.c:128:9: error: use of undeclared identifier 'xfont'; did you mean 'font'?
  128 |                 if (!(xfont = NULL /* Xft disabled */)) {
      |                       ^~~~~
      |                       font
drw.c:108:7: note: 'font' declared here
  108 |         Fnt *font;
      |              ^
drw.c:137:16: error: use of undeclared identifier 'xfont'; did you mean 'font'?
  137 |         font->xfont = xfont;
      |                       ^~~~~
      |                       font
drw.c:108:7: note: 'font' declared here
  108 |         Fnt *font;
      |              ^
drw.c:138:18: error: use of undeclared identifier 'pattern'
  138 |         font->pattern = pattern;
      |                         ^~~~~~~
drw.c:139:12: error: use of undeclared identifier 'xfont'; did you mean 'font'?
  139 |         font->h = xfont->ascent + xfont->descent;
      |                   ^~~~~
      |                   font
drw.c:108:7: note: 'font' declared here
  108 |         Fnt *font;
      |              ^
drw.c:139:19: error: no member named 'ascent' in 'struct Fnt'
  139 |         font->h = xfont->ascent + xfont->descent;
      |                   ~~~~~  ^
drw.c:139:28: error: use of undeclared identifier 'xfont'; did you mean 'font'?
  139 |         font->h = xfont->ascent + xfont->descent;
      |                                   ^~~~~
      |                                   font
drw.c:108:7: note: 'font' declared here
  108 |         Fnt *font;
      |              ^
drw.c:139:35: error: no member named 'descent' in 'struct Fnt'
  139 |         font->h = xfont->ascent + xfont->descent;
      |                                   ~~~~~  ^
fatal error: too many errors emitted, stopping now [-ferror-limit=]
20 errors generated.
In file included from dwm.c:44:
./drw.h:10:2: error: unknown type name 'XftFont'
   10 |         XftFont *xfont;
      |         ^
./drw.h:11:2: error: unknown type name 'FcPattern'
   11 |         FcPattern *pattern;
      |         ^
./drw.h:16:9: error: unknown type name 'XftColor'; did you mean 'XColor'?
   16 | typedef XftColor Clr;
      |         ^~~~~~~~
      |         XColor
/home/alexis-bouchez/linux.wasm/emsdk/upstream/emscripten/cache/sysroot/include/X11/Xlib.h:423:3: note: 'XColor' declared here
  423 | } XColor;
      |   ^
make: *** [Makefile:18: drw.o] Error 1
make: *** Waiting for unfinished jobs....
In file included from dwm.c:273:
./config.h:46:67: error: use of undeclared identifier 'dmenucmd'
   46 |         { MODKEY,                       XK_p,      spawn,          {.v = dmenucmd } },
      |                                                                          ^~~~~~~~
./config.h:47:67: error: use of undeclared identifier 'termcmd'
   47 |         { MODKEY|ShiftMask,             XK_Return, spawn,          {.v = termcmd } },
      |                                                                          ^~~~~~~
./config.h:86:80: error: use of undeclared identifier 'termcmd'
   86 |         { ClkStatusText,        0,              Button2,        spawn,          {.v = termcmd } },
      |                                                                                       ^~~~~~~
dwm.c:455:25: error: invalid application of 'sizeof' to an incomplete type 'const Button[]'
  455 |         for (i = 0; i < LENGTH(buttons); i++)
      |                                ^~~~~~~
dwm.c:943:26: error: invalid application of 'sizeof' to an incomplete type 'const Button[]'
  943 |                 for (i = 0; i < LENGTH(buttons); i++)
      |                                        ^~~~~~~
dwm.c:963:26: error: invalid application of 'sizeof' to an incomplete type 'const Key[]'
  963 |                 for (i = 0; i < LENGTH(keys); i++)
      |                                        ^~~~
dwm.c:999:25: error: invalid application of 'sizeof' to an incomplete type 'const Key[]'
  999 |         for (i = 0; i < LENGTH(keys); i++)
      |                                ^~~~
dwm.c:1836:17: warning: a function declaration without a prototype is deprecated in all versions of C [-Wstrict-prototypes]
 1836 | updateclientlist()
      |                 ^
      |                  void
1 warning and 10 errors generated.
make: *** [Makefile:18: dwm.o] Error 1
